This is pdfTeX, Version 3.141592653-2.6-1.40.22 (TeX Live 2022/dev/Debian) (preloaded format=pdflatex)
 restricted \write18 enabled.
entering extended mode
(./Flood_Appliation_of_Tuning_to_material_properties.tex
LaTeX2e <2021-11-15> patch level 1
L3 programming layer <2022-01-21> (./sn-jnl.cls
Document Class: sn-jnl 2019/11/18 v0.1: An authoring template for Springer Jour
nal articles
(/usr/share/texlive/texmf-dist/tex/latex/base/article.cls
Document Class: article 2021/10/04 v1.4n Standard LaTeX document class
(/usr/share/texlive/texmf-dist/tex/latex/base/fleqn.clo)
(/usr/share/texlive/texmf-dist/tex/latex/base/size10.clo))
(/usr/share/texlive/texmf-dist/tex/latex/geometry/geometry.sty
(/usr/share/texlive/texmf-dist/tex/latex/graphics/keyval.sty)
(/usr/share/texlive/texmf-dist/tex/generic/iftex/ifvtex.sty
(/usr/share/texlive/texmf-dist/tex/generic/iftex/iftex.sty)))
(/usr/share/texlive/texmf-dist/tex/latex/graphics/graphicx.sty
(/usr/share/texlive/texmf-dist/tex/latex/graphics/graphics.sty
(/usr/share/texlive/texmf-dist/tex/latex/graphics/trig.sty)
(/usr/share/texlive/texmf-dist/tex/latex/graphics-cfg/graphics.cfg)
(/usr/share/texlive/texmf-dist/tex/latex/graphics-def/pdftex.def)))
(/usr/share/texlive/texmf-dist/tex/latex/multirow/multirow.sty)
(/usr/share/texlive/texmf-dist/tex/latex/amsmath/amsmath.sty
For additional information on amsmath, use the `?' option.
(/usr/share/texlive/texmf-dist/tex/latex/amsmath/amstext.sty
(/usr/share/texlive/texmf-dist/tex/latex/amsmath/amsgen.sty))
(/usr/share/texlive/texmf-dist/tex/latex/amsmath/amsbsy.sty)
(/usr/share/texlive/texmf-dist/tex/latex/amsmath/amsopn.sty))
(/usr/share/texlive/texmf-dist/tex/latex/amsfonts/amssymb.sty
(/usr/share/texlive/texmf-dist/tex/latex/amsfonts/amsfonts.sty))
(/usr/share/texlive/texmf-dist/tex/latex/amscls/amsthm.sty)
(/usr/share/texlive/texmf-dist/tex/latex/jknapltx/mathrsfs.sty)
(/usr/share/texlive/texmf-dist/tex/latex/graphics/rotating.sty
(/usr/share/texlive/texmf-dist/tex/latex/base/ifthen.sty))
(/usr/share/texlive/texmf-dist/tex/latex/appendix/appendix.sty)
(/usr/share/texlive/texmf-dist/tex/latex/xcolor/xcolor.sty
(/usr/share/texlive/texmf-dist/tex/latex/graphics-cfg/color.cfg))
(/usr/share/texlive/texmf-dist/tex/latex/base/textcomp.sty)
(/usr/share/texlive/texmf-dist/tex/latex/ncctools/manyfoot.sty
(/usr/share/texlive/texmf-dist/tex/latex/ncctools/nccfoots.sty))
(/usr/share/texlive/texmf-dist/tex/latex/booktabs/booktabs.sty)
(/usr/share/texlive/texmf-dist/tex/latex/algorithms/algorithm.sty
(/usr/share/texlive/texmf-dist/tex/latex/float/float.sty))
(/usr/share/texlive/texmf-dist/tex/latex/algorithmicx/algorithmicx.sty
Document Style algorithmicx 1.2 - a greatly improved `algorithmic' style
) (/usr/share/texlive/texmf-dist/tex/latex/algorithmicx/algpseudocode.sty
Document Style - pseudocode environments for use with the `algorithmicx' style
) (/usr/share/texlive/texmf-dist/tex/latex/program/program.sty

LaTeX Font Warning: Font shape `OT1/cmr/m/n' in size <16> not available
(Font)              size <17.28> substituted on input line 841.


LaTeX Font Warning: Font shape `OML/cmm/m/it' in size <16> not available
(Font)              size <17.28> substituted on input line 841.


LaTeX Font Warning: Font shape `OMS/cmsy/m/n' in size <16> not available
(Font)              size <17.28> substituted on input line 841.

(/usr/share/texlive/texmf-dist/tex/latex/amsfonts/umsa.fd)
(/usr/share/texlive/texmf-dist/tex/latex/amsfonts/umsb.fd)
(/usr/share/texlive/texmf-dist/tex/latex/jknapltx/ursfs.fd)

LaTeX Font Warning: Font shape `U/rsfs/m/n' in size <16> not available
(Font)              size <17.28> substituted on input line 841.

(/usr/share/texlive/texmf-dist/tex/latex/amsfonts/ueur.fd))
(/usr/share/texlive/texmf-dist/tex/latex/listings/listings.sty
(/usr/share/texlive/texmf-dist/tex/latex/listings/lstmisc.sty)
(/usr/share/texlive/texmf-dist/tex/latex/listings/listings.cfg))
(/usr/share/texlive/texmf-dist/tex/latex/hyperref/hyperref.sty
(/usr/share/texlive/texmf-dist/tex/generic/ltxcmds/ltxcmds.sty)
(/usr/share/texlive/texmf-dist/tex/generic/pdftexcmds/pdftexcmds.sty
(/usr/share/texlive/texmf-dist/tex/generic/infwarerr/infwarerr.sty))
(/usr/share/texlive/texmf-dist/tex/generic/kvsetkeys/kvsetkeys.sty)
(/usr/share/texlive/texmf-dist/tex/generic/kvdefinekeys/kvdefinekeys.sty)
(/usr/share/texlive/texmf-dist/tex/generic/pdfescape/pdfescape.sty)
(/usr/share/texlive/texmf-dist/tex/latex/hycolor/hycolor.sty)
(/usr/share/texlive/texmf-dist/tex/latex/letltxmacro/letltxmacro.sty)
(/usr/share/texlive/texmf-dist/tex/latex/auxhook/auxhook.sty)
(/usr/share/texlive/texmf-dist/tex/latex/kvoptions/kvoptions.sty)
(/usr/share/texlive/texmf-dist/tex/latex/hyperref/pd1enc.def)
(/usr/share/texlive/texmf-dist/tex/latex/hyperref/hyperref-langpatches.def)
(/usr/share/texlive/texmf-dist/tex/generic/intcalc/intcalc.sty)
(/usr/share/texlive/texmf-dist/tex/generic/etexcmds/etexcmds.sty)
(/usr/share/texlive/texmf-dist/tex/latex/hyperref/puenc.def)
(/usr/share/texlive/texmf-dist/tex/latex/url/url.sty)
(/usr/share/texlive/texmf-dist/tex/generic/bitset/bitset.sty
(/usr/share/texlive/texmf-dist/tex/generic/bigintcalc/bigintcalc.sty))
(/usr/share/texlive/texmf-dist/tex/latex/base/atbegshi-ltx.sty))
(/usr/share/texlive/texmf-dist/tex/latex/hyperref/hpdftex.def
(/usr/share/texlive/texmf-dist/tex/latex/base/atveryend-ltx.sty)
(/usr/share/texlive/texmf-dist/tex/latex/rerunfilecheck/rerunfilecheck.sty
(/usr/share/texlive/texmf-dist/tex/generic/uniquecounter/uniquecounter.sty)))
(/usr/share/texlive/texmf-dist/tex/latex/wrapfig/wrapfig.sty)
(/usr/share/texlive/texmf-dist/tex/latex/natbib/natbib.sty))
(/usr/share/texlive/texmf-dist/tex/latex/caption/caption.sty
(/usr/share/texlive/texmf-dist/tex/latex/caption/caption3.sty)

Package caption Warning: Unknown document class (or package),
(caption)                standard defaults will be used.
See the caption package documentation for explanation.

) (/usr/share/texlive/texmf-dist/tex/latex/caption/subcaption.sty)
(/usr/share/texlive/texmf-dist/tex/latex/placeins/placeins.sty)
(/usr/share/texlive/texmf-dist/tex/latex/acronym/acronym.sty
(/usr/share/texlive/texmf-dist/tex/latex/bigfoot/suffix.sty)
(/usr/share/texlive/texmf-dist/tex/generic/xstring/xstring.sty
(/usr/share/texlive/texmf-dist/tex/generic/xstring/xstring.tex)))
(./sections/acronyms.tex)
(/usr/share/texlive/texmf-dist/tex/latex/l3backend/l3backend-pdftex.def)
(./Flood_Appliation_of_Tuning_to_material_properties.aux

LaTeX Warning: Label `eqn:eng_density' multiply defined.

)
*geometry* driver: auto-detecting
*geometry* detected driver: pdftex
(/usr/share/texlive/texmf-dist/tex/context/base/mkii/supp-pdf.mkii
[Loading MPS to PDF converter (version 2006.09.02).]
) (/usr/share/texlive/texmf-dist/tex/latex/epstopdf-pkg/epstopdf-base.sty
(/usr/share/texlive/texmf-dist/tex/latex/latexconfig/epstopdf-sys.cfg))
(/usr/share/texlive/texmf-dist/tex/latex/hyperref/nameref.sty
(/usr/share/texlive/texmf-dist/tex/latex/refcount/refcount.sty)
(/usr/share/texlive/texmf-dist/tex/generic/gettitlestring/gettitlestring.sty))
(./Flood_Appliation_of_Tuning_to_material_properties.out)
(./Flood_Appliation_of_Tuning_to_material_properties.out)

LaTeX Font Warning: Font shape `OT1/cmr/bx/n' in size <8.43146> not available
(Font)              size <8> substituted on input line 36.


LaTeX Font Warning: Font shape `OML/cmm/b/it' in size <8.43146> not available
(Font)              size <8> substituted on input line 36.


LaTeX Font Warning: Font shape `OMS/cmsy/b/n' in size <8.43146> not available
(Font)              size <8> substituted on input line 36.


LaTeX Font Warning: Font shape `U/rsfs/m/n' in size <8.43146> not available
(Font)              size <8> substituted on input line 36.


LaTeX Font Warning: Font shape `OT1/cmr/m/n' in size <8.43146> not available
(Font)              size <8> substituted on input line 36.


LaTeX Font Warning: Font shape `OT1/cmr/bx/n' in size <5.52061> not available
(Font)              size <6> substituted on input line 36.


LaTeX Font Warning: Font shape `OML/cmm/b/it' in size <5.52061> not available
(Font)              size <6> substituted on input line 36.


LaTeX Font Warning: Font shape `OMS/cmsy/b/n' in size <5.52061> not available
(Font)              size <6> substituted on input line 36.


LaTeX Font Warning: Font shape `U/rsfs/m/n' in size <5.52061> not available
(Font)              size <6> substituted on input line 36.

(./sections/abstract.tex)

Package hyperref Warning: Token not allowed in a PDF string (Unicode):
(hyperref)                removing `\let' on input line 38.


Package hyperref Warning: Token not allowed in a PDF string (Unicode):
(hyperref)                removing `\let' on input line 38.

(./sections/introAMsim.tex

Package natbib Warning: Citation `wangClosedLoopHighFidelitySimulation2021' on 
page 1 undefined on input line 3.


Underfull \vbox (badness 10000) has occurred while \output is active
Underfull \vbox (badness 10000) has occurred while \output is active [1{/var/li
b/texmf/fonts/map/pdftex/updmap/pdftex.map}]

Package natbib Warning: Citation `wangClosedLoopHighFidelitySimulation2021' on 
page 2 undefined on input line 6.


Package natbib Warning: Citation `royDatadrivenModelingThermal2020' on page 2 u
ndefined on input line 6.


Package natbib Warning: Citation `mogesHYBRIDMODELINGAPPROACH2020' on page 2 un
defined on input line 6.


Package natbib Warning: Citation `wangClosedLoopHighFidelitySimulation2021' on 
page 2 undefined on input line 7.


Package natbib Warning: Citation `royDatadrivenModelingThermal2020' on page 2 u
ndefined on input line 8.


Package natbib Warning: Citation `mogesHYBRIDMODELINGAPPROACH2020' on page 2 un
defined on input line 9.


Package natbib Warning: Citation `Daryabeigi2011' on page 2 undefined on input 
line 10.


Package natbib Warning: Citation `welschgerhard_1993' on page 2 undefined on in
put line 12.


Package natbib Warning: Citation `boivineau_2006' on page 2 undefined on input 
line 12.


Package natbib Warning: Citation `fan_2012' on page 2 undefined on input line 1
2.


Package natbib Warning: Citation `lundberg_material_1994' on page 2 undefined o
n input line 12.


Package natbib Warning: Citation `leitner_thermophysical_2017' on page 2 undefi
ned on input line 12.


Package natbib Warning: Citation `jmatpro' on page 2 undefined on input line 14
.


Underfull \vbox (badness 10000) has occurred while \output is active
Underfull \vbox (badness 10000) has occurred while \output is active
Overfull \vbox (1.44444pt too high) has occurred while \output is active
[2]

Package natbib Warning: Citation `qiHighStrengthLi2020' on page 3 undefined on 
input line 19.


Package natbib Warning: Citation `weissImprovedHighTemperatureAluminum2019' on 
page 3 undefined on input line 19.


Package natbib Warning: Citation `weissDevelopmentsAluminumScandiumCeramicAlumi
numScandiumCerium2019' on page 3 undefined on input line 19.


Package natbib Warning: Citation `singhAdditiveManufacturing4047' on page 3 und
efined on input line 19.

) (./sections/model_description.tex

Package natbib Warning: Citation `Han2012' on page 3 undefined on input line 8.



Underfull \vbox (badness 10000) has occurred while \output is active
Overfull \vbox (1.44444pt too high) has occurred while \output is active
[3]

LaTeX Font Warning: Font shape `OT1/cmr/m/n' in size <4.015> not available
(Font)              size <5> substituted on input line 65.


LaTeX Font Warning: Font shape `OML/cmm/m/it' in size <4.015> not available
(Font)              size <5> substituted on input line 65.


LaTeX Font Warning: Font shape `OMS/cmsy/m/n' in size <4.015> not available
(Font)              size <5> substituted on input line 65.


LaTeX Font Warning: Font shape `U/rsfs/m/n' in size <4.015> not available
(Font)              size <5> substituted on input line 65.


Package natbib Warning: Citation `welschgerhard_1993' on page 4 undefined on in
put line 76.


Package natbib Warning: Citation `mills_2002' on page 4 undefined on input line
 77.


Package natbib Warning: Citation `mills_2002' on page 4 undefined on input line
 78.


Package natbib Warning: Citation `mills_2002' on page 4 undefined on input line
 79.


Package natbib Warning: Citation `boivineau_2006' on page 4 undefined on input 
line 80.


Package natbib Warning: Citation `boivineau_2006' on page 4 undefined on input 
line 81.


Package natbib Warning: Citation `fan_2012' on page 4 undefined on input line 8
2.


Package natbib Warning: Citation `kurzynowskiEffectScanningSupport2019' on page
 4 undefined on input line 86.


Underfull \vbox (badness 10000) has occurred while \output is active
Overfull \vbox (1.44444pt too high) has occurred while \output is active
[4 <./images//TEMP.png> <./images//PHASE.png> <./images//COOLRATE.png>])
(./sections/algrothim_description.tex

Package natbib Warning: Citation `nelder_1965' on page 5 undefined on input lin
e 3.


Package natbib Warning: Citation `wang_2011' on page 5 undefined on input line 
4.


Package natbib Warning: Citation `nelder_1965' on page 5 undefined on input lin
e 9.


Package natbib Warning: Citation `nelder_1965' on page 5 undefined on input lin
e 9.


Underfull \vbox (badness 10000) has occurred while \output is active
Overfull \vbox (1.44444pt too high) has occurred while \output is active
[5]
Underfull \vbox (badness 10000) has occurred while \output is active
Overfull \vbox (1.44444pt too high) has occurred while \output is active
[6 <./images//melt_track_image.png> <./images//melt_track_bitmap.png> <./images
//ti64_melt_track_width.png> <./images//ti64_melt_track_depth.png>])
(./sections/sensetivity_results.tex

Package natbib Warning: Citation `wang_2011' on page 7 undefined on input line 
3.


Underfull \vbox (badness 10000) has occurred while \output is active
Overfull \vbox (1.44444pt too high) has occurred while \output is active
[7 <./images//nm_flow.png>]

Package natbib Warning: Citation `joseph_r_davis_aluminum_2001' on page 8 undef
ined on input line 15.


Package natbib Warning: Citation `lundberg_material_1994' on page 8 undefined o
n input line 16.


Package natbib Warning: Citation `ulbrich_wire_2014' on page 8 undefined on inp
ut line 17.


Package natbib Warning: Citation `matweb' on page 8 undefined on input line 18.



Package natbib Warning: Citation `joseph_r_davis_aluminum_2001' on page 8 undef
ined on input line 22.


Package natbib Warning: Citation `lundberg_material_1994' on page 8 undefined o
n input line 23.


Package natbib Warning: Citation `ulbrich_wire_2014' on page 8 undefined on inp
ut line 24.


Package natbib Warning: Citation `matweb' on page 8 undefined on input line 25.



Package natbib Warning: Citation `matweb' on page 8 undefined on input line 29.



Package natbib Warning: Citation `amesweb' on page 8 undefined on input line 30
.


Package natbib Warning: Citation `matweb' on page 8 undefined on input line 34.



Package natbib Warning: Citation `schmitz_density_2012' on page 8 undefined on 
input line 35.


Package natbib Warning: Citation `leitner_thermophysical_2017' on page 8 undefi
ned on input line 36.


Package natbib Warning: Citation `lundberg_material_1994' on page 8 undefined o
n input line 40.


Package natbib Warning: Citation `leitner_thermophysical_2017' on page 8 undefi
ned on input line 41.


Package natbib Warning: Citation `lundberg_material_1994' on page 8 undefined o
n input line 45.


Package natbib Warning: Citation `leitner_thermophysical_2017' on page 8 undefi
ned on input line 46.


Package natbib Warning: Citation `funck_tailored_2014' on page 8 undefined on i
nput line 50.


Package natbib Warning: Citation `boyden_temperature_2006' on page 8 undefined 
on input line 51.


Package natbib Warning: Citation `el-hameed_anodic_2017' on page 8 undefined on
 input line 52.

)
Underfull \vbox (badness 10000) has occurred while \output is active
Overfull \vbox (1.44444pt too high) has occurred while \output is active
[8 <./images//slice_y_annotated.png> <./images//slice_x_annotated.png>]
(./sections/sim_setup.tex

Package natbib Warning: Citation `nelder_1965' on page 9 undefined on input lin
e 16.


Package natbib Warning: Citation `boyden_temperature_2006' on page 9 undefined 
on input line 25.


Package natbib Warning: Citation `boyden_temperature_2006' on page 9 undefined 
on input line 26.


Package natbib Warning: Citation `leitner_thermophysical_2017' on page 9 undefi
ned on input line 27.


Package natbib Warning: Citation `leitner_thermophysical_2017' on page 9 undefi
ned on input line 28.


Package natbib Warning: Citation `leitner_thermophysical_2017' on page 9 undefi
ned on input line 29.


Underfull \vbox (badness 10000) has occurred while \output is active
Overfull \vbox (1.44444pt too high) has occurred while \output is active
[9]) (./sections/sim_analysis.tex
Underfull \vbox (badness 10000) has occurred while \output is active
Overfull \vbox (1.44444pt too high) has occurred while \output is active
[10 <./images//melt_validation_example.png>]) (./sections/results.tex
Underfull \vbox (badness 10000) has occurred while \output is active
Overfull \vbox (1.44444pt too high) has occurred while \output is active
[11 <./images//7075_7_8C.jpg>])
Underfull \vbox (badness 10000) has occurred while \output is active
Overfull \vbox (1.44444pt too high) has occurred while \output is active
[12 <./images//response_complete.png> <./images//response_zoomed.png>]
(./sections/validation.tex
Underfull \vbox (badness 10000) has occurred while \output is active
Overfull \vbox (1.44444pt too high) has occurred while \output is active
[13 <./images//tuning_error_depth_complete.png> <./images//tuning_error_width_c
omplete.png>])
Underfull \vbox (badness 10000) has occurred while \output is active
Overfull \vbox (1.44444pt too high) has occurred while \output is active
[14 <./images//melt_track_val_baseline_depth.png> <./images//melt_track_val_bas
eline_width.png> <./images//melt_track_val_depth.png> <./images//melt_track_val
_width.png>] (./sections/conclusions.tex)
(./Flood_Appliation_of_Tuning_to_material_properties.bbl)

Package natbib Warning: There were undefined citations.


Underfull \vbox (badness 10000) has occurred while \output is active
Overfull \vbox (1.44444pt too high) has occurred while \output is active
[15] (./Flood_Appliation_of_Tuning_to_material_properties.aux)

LaTeX Font Warning: Size substitutions with differences
(Font)              up to 1.28pt have occurred.


LaTeX Warning: There were multiply-defined labels.

 )
(see the transcript file for additional information)</usr/share/texlive/texmf-d
ist/fonts/type1/public/amsfonts/cm/cmbx10.pfb></usr/share/texlive/texmf-dist/fo
nts/type1/public/amsfonts/cm/cmbx12.pfb></usr/share/texlive/texmf-dist/fonts/ty
pe1/public/amsfonts/cm/cmbx8.pfb></usr/share/texlive/texmf-dist/fonts/type1/pub
lic/amsfonts/cm/cmbx9.pfb></usr/share/texlive/texmf-dist/fonts/type1/public/ams
fonts/cm/cmex10.pfb></usr/share/texlive/texmf-dist/fonts/type1/public/amsfonts/
cm/cmmi10.pfb></usr/share/texlive/texmf-dist/fonts/type1/public/amsfonts/cm/cmm
i6.pfb></usr/share/texlive/texmf-dist/fonts/type1/public/amsfonts/cm/cmmi7.pfb>
</usr/share/texlive/texmf-dist/fonts/type1/public/amsfonts/cm/cmmi8.pfb></usr/s
hare/texlive/texmf-dist/fonts/type1/public/amsfonts/cm/cmr10.pfb></usr/share/te
xlive/texmf-dist/fonts/type1/public/amsfonts/cm/cmr12.pfb></usr/share/texlive/t
exmf-dist/fonts/type1/public/amsfonts/cm/cmr17.pfb></usr/share/texlive/texmf-di
st/fonts/type1/public/amsfonts/cm/cmr5.pfb></usr/share/texlive/texmf-dist/fonts
/type1/public/amsfonts/cm/cmr7.pfb></usr/share/texlive/texmf-dist/fonts/type1/p
ublic/amsfonts/cm/cmr8.pfb></usr/share/texlive/texmf-dist/fonts/type1/public/am
sfonts/cm/cmr9.pfb></usr/share/texlive/texmf-dist/fonts/type1/public/amsfonts/c
m/cmsy10.pfb></usr/share/texlive/texmf-dist/fonts/type1/public/amsfonts/cm/cmsy
6.pfb></usr/share/texlive/texmf-dist/fonts/type1/public/amsfonts/cm/cmti10.pfb>

Output written on Flood_Appliation_of_Tuning_to_material_properties.pdf (15 pag
es, 14417652 bytes).
Transcript written on Flood_Appliation_of_Tuning_to_material_properties.log.
